# JRE version: OpenJDK Runtime Environment Temurin-21.0.3+9 (21.0.3+9) (build 21.0.3+9-LTS)
# Java VM: OpenJDK 64-Bit Server VM Temurin-21.0.3+9 (21.0.3+9-LTS, mixed mode, emulated-client, tiered, compressed oops, compressed class ptrs, g1 gc, windows-amd64)
GC Precious Log:
 CardTable entry size: 512
 Card Set container configuration: InlinePtr #cards 5 size 8 Array Of Cards #cards 12 size 40 Howl #buckets 4 coarsen threshold 1843 Howl Bitmap #cards 512 size 80 coarsen threshold 460 Card regions per heap region 1 cards per card region 2048
 CPUs: 12 total, 12 available
 Memory: 16016M
 Large Page Support: Disabled
 NUMA Support: Disabled
 Compressed Oops: Enabled (32-bit)
 Heap Region Size: 1M
 Heap Min Capacity: 8M
 Heap Initial Capacity: 252M
 Heap Max Capacity: 1G
 Pre-touch: Disabled
 Parallel Workers: 10
 Concurrent Workers: 3
 Concurrent Refinement Workers: 10
 Periodic GC: Disabled
Heap:
 garbage-first heap   total 114688K, used 47531K [0x00000000c0000000, 0x0000000100000000)
  region size 1024K, 1 young (1024K), 0 survivors (0K)
 Metaspace       used 66836K, committed 67648K, reserved 1114112K
  class space    used 7841K, committed 8192K, reserved 1048576K
GC Heap History (20 events):
Event: 337245.502 GC heap after
{Heap after GC invocations=1887 (full 1870):
 garbage-first heap   total 114688K, used 47531K [0x00000000c0000000, 0x0000000100000000)
  region size 1024K, 0 young (0K), 0 survivors (0K)
 Metaspace       used 66836K, committed 67648K, reserved 1114112K
  class space    used 7841K, committed 8192K, reserved 1048576K
}
Event: 337255.952 GC heap before
{Heap before GC invocations=1887 (full 1870):
 garbage-first heap   total 114688K, used 47531K [0x00000000c0000000, 0x0000000100000000)
  region size 1024K, 1 young (1024K), 0 survivors (0K)
 Metaspace       used 66836K, committed 67648K, reserved 1114112K
  class space    used 7841K, committed 8192K, reserved 1048576K
}
Event: 337256.044 GC heap after
{Heap after GC invocations=1888 (full 1871):
 garbage-first heap   total 114688K, used 47531K [0x00000000c0000000, 0x0000000100000000)
  region size 1024K, 0 young (0K), 0 survivors (0K)
 Metaspace       used 66836K, committed 67648K, reserved 1114112K
  class space    used 7841K, committed 8192K, reserved 1048576K
}
Event: 337266.455 GC heap before
{Heap before GC invocations=1888 (full 1871):
 garbage-first heap   total 114688K, used 47531K [0x00000000c0000000, 0x0000000100000000)
  region size 1024K, 1 young (1024K), 0 survivors (0K)
 Metaspace       used 66836K, committed 67648K, reserved 1114112K
  class space    used 7841K, committed 8192K, reserved 1048576K
}
Event: 337266.543 GC heap after
{Heap after GC invocations=1889 (full 1872):
 garbage-first heap   total 114688K, used 47531K [0x00000000c0000000, 0x0000000100000000)
  region size 1024K, 0 young (0K), 0 survivors (0K)
 Metaspace       used 66836K, committed 67648K, reserved 1114112K
  class space    used 7841K, committed 8192K, reserved 1048576K
}
Event: 337276.955 GC heap before
{Heap before GC invocations=1889 (full 1872):
 garbage-first heap   total 114688K, used 47531K [0x00000000c0000000, 0x0000000100000000)
  region size 1024K, 1 young (1024K), 0 survivors (0K)
 Metaspace       used 66836K, committed 67648K, reserved 1114112K
  class space    used 7841K, committed 8192K, reserved 1048576K
}
Event: 337277.048 GC heap after
{Heap after GC invocations=1890 (full 1873):
 garbage-first heap   total 114688K, used 47531K [0x00000000c0000000, 0x0000000100000000)
  region size 1024K, 0 young (0K), 0 survivors (0K)
 Metaspace       used 66836K, committed 67648K, reserved 1114112K
  class space    used 7841K, committed 8192K, reserved 1048576K
}
Event: 337287.396 GC heap before
{Heap before GC invocations=1890 (full 1873):
 garbage-first heap   total 114688K, used 47531K [0x00000000c0000000, 0x0000000100000000)
  region size 1024K, 1 young (1024K), 0 survivors (0K)
 Metaspace       used 66836K, committed 67648K, reserved 1114112K
  class space    used 7841K, committed 8192K, reserved 1048576K
}
Event: 337287.487 GC heap after
{Heap after GC invocations=1891 (full 1874):
 garbage-first heap   total 114688K, used 47531K [0x00000000c0000000, 0x0000000100000000)
  region size 1024K, 0 young (0K), 0 survivors (0K)
 Metaspace       used 66836K, committed 67648K, reserved 1114112K
  class space    used 7841K, committed 8192K, reserved 1048576K
}
Event: 337298.055 GC heap before
{Heap before GC invocations=1891 (full 1874):
 garbage-first heap   total 114688K, used 47531K [0x00000000c0000000, 0x0000000100000000)
  region size 1024K, 1 young (1024K), 0 survivors (0K)
 Metaspace       used 66836K, committed 67648K, reserved 1114112K
  class space    used 7841K, committed 8192K, reserved 1048576K
}
Event: 337298.136 GC heap after
{Heap after GC invocations=1892 (full 1875):
 garbage-first heap   total 114688K, used 47531K [0x00000000c0000000, 0x0000000100000000)
  region size 1024K, 0 young (0K), 0 survivors (0K)
 Metaspace       used 66836K, committed 67648K, reserved 1114112K
  class space    used 7841K, committed 8192K, reserved 1048576K
}
Event: 337308.640 GC heap before
{Heap before GC invocations=1892 (full 1875):
 garbage-first heap   total 114688K, used 47531K [0x00000000c0000000, 0x0000000100000000)
  region size 1024K, 1 young (1024K), 0 survivors (0K)
 Metaspace       used 66836K, committed 67648K, reserved 1114112K
  class space    used 7841K, committed 8192K, reserved 1048576K
}
Event: 337308.729 GC heap after
{Heap after GC invocations=1893 (full 1876):
 garbage-first heap   total 114688K, used 47531K [0x00000000c0000000, 0x0000000100000000)
  region size 1024K, 0 young (0K), 0 survivors (0K)
 Metaspace       used 66836K, committed 67648K, reserved 1114112K
  class space    used 7841K, committed 8192K, reserved 1048576K
}
Event: 337319.217 GC heap before
{Heap before GC invocations=1893 (full 1876):
 garbage-first heap   total 114688K, used 47531K [0x00000000c0000000, 0x0000000100000000)
  region size 1024K, 1 young (1024K), 0 survivors (0K)
 Metaspace       used 66836K, committed 67648K, reserved 1114112K
  class space    used 7841K, committed 8192K, reserved 1048576K
}
Event: 337319.308 GC heap after
{Heap after GC invocations=1894 (full 1877):
 garbage-first heap   total 114688K, used 47531K [0x00000000c0000000, 0x0000000100000000)
  region size 1024K, 0 young (0K), 0 survivors (0K)
 Metaspace       used 66836K, committed 67648K, reserved 1114112K
  class space    used 7841K, committed 8192K, reserved 1048576K
}
Event: 337329.787 GC heap before
{Heap before GC invocations=1894 (full 1877):
 garbage-first heap   total 114688K, used 47531K [0x00000000c0000000, 0x0000000100000000)
  region size 1024K, 1 young (1024K), 0 survivors (0K)
 Metaspace       used 66836K, committed 67648K, reserved 1114112K
  class space    used 7841K, committed 8192K, reserved 1048576K
}
Event: 337329.873 GC heap after
{Heap after GC invocations=1895 (full 1878):
 garbage-first heap   total 114688K, used 47531K [0x00000000c0000000, 0x0000000100000000)
  region size 1024K, 0 young (0K), 0 survivors (0K)
 Metaspace       used 66836K, committed 67648K, reserved 1114112K
  class space    used 7841K, committed 8192K, reserved 1048576K
}
Event: 337340.505 GC heap before
{Heap before GC invocations=1895 (full 1878):
 garbage-first heap   total 114688K, used 47531K [0x00000000c0000000, 0x0000000100000000)
  region size 1024K, 1 young (1024K), 0 survivors (0K)
 Metaspace       used 66836K, committed 67648K, reserved 1114112K
  class space    used 7841K, committed 8192K, reserved 1048576K
}
Event: 337340.581 GC heap after
{Heap after GC invocations=1896 (full 1879):
 garbage-first heap   total 114688K, used 47531K [0x00000000c0000000, 0x0000000100000000)
  region size 1024K, 0 young (0K), 0 survivors (0K)
 Metaspace       used 66836K, committed 67648K, reserved 1114112K
  class space    used 7841K, committed 8192K, reserved 1048576K
}
Event: 337351.913 GC heap before
{Heap before GC invocations=1896 (full 1879):
 garbage-first heap   total 114688K, used 47531K [0x00000000c0000000, 0x0000000100000000)
  region size 1024K, 1 young (1024K), 0 survivors (0K)
 Metaspace       used 66836K, committed 67648K, reserved 1114112K
  class space    used 7841K, committed 8192K, reserved 1048576K
}

